(env) linux@localhost:~/taewony/SPAK/examples/KernelEngineer/FMHA$ python fmha_step1_python_ref.py
=== FMHA Step 1: Python Prototype ===
Shape: B=1, H=4, Seq=1024x1024, D=64
Running Standard Attention... Done (0.0824s)
Running Online Softmax (Tiled)... Done (0.0523s)
Verifying Invariant...
Max Error: 9.05e-08
✅ Invariant Check Passed: OnlineSoftmax == NativeSoftmax
(env) linux@localhost:~/taewony/SPAK/examples/KernelEngineer/FMHA$ python fmha_step2_naive_kernel.py
=== FMHA Step 2: Naive Kernel (1024x1024) ===
Warming up...
Traceback (most recent call last):
  File "/home/linux/taewony/env/lib/python3.12/site-packages/cuda/tile/_passes/typeinfer.py", line 202, in _bind_args
    bound_args = sig.bind(*args, **kwargs)
                 ^^^^^^^^^^^^^^^^^^^^^^^^^
  File "/usr/lib/python3.12/inspect.py", line 3242, in bind
    return self._bind(args, kwargs)
           ^^^^^^^^^^^^^^^^^^^^^^^^
  File "/usr/lib/python3.12/inspect.py", line 3157, in _bind
    raise TypeError(msg) from None
TypeError: missing a required argument: 'acc'

During handling of the above exception, another exception occurred:

Traceback (most recent call last):
  File "/home/linux/taewony/SPAK/examples/KernelEngineer/FMHA/fmha_step2_naive_kernel.py", line 130, in <module>
    run_real_kernel()
  File "/home/linux/taewony/SPAK/examples/KernelEngineer/FMHA/fmha_step2_naive_kernel.py", line 94, in run_real_kernel
    ct.launch(stream, grid, naive_attention_kernel, (d_Q, d_K, d_V, d_O, d_S, d_P))
  File "/home/linux/taewony/env/lib/python3.12/site-packages/cuda/tile/_compile.py", line 225, in __call__
    lib = compile_tile(self.pyfunc, pyfunc_args, self.compiler_options, tile_context)
          ^^^^^^^^^^^^^^^^^^^^^^^^^^^^^^^^^^^^^^^^^^^^^^^^^^^^^^^^^^^^^^^^^^^^^^^^^^^
  File "/home/linux/taewony/env/lib/python3.12/site-packages/cuda/tile/_compile.py", line 70, in wrapper
    return func(*args, **kwargs)
           ^^^^^^^^^^^^^^^^^^^^^
  File "/home/linux/taewony/env/lib/python3.12/site-packages/cuda/tile/_compile.py", line 152, in compile_tile
    func_ir = _get_final_ir(pyfunc, args, context)
              ^^^^^^^^^^^^^^^^^^^^^^^^^^^^^^^^^^^^
  File "/home/linux/taewony/env/lib/python3.12/site-packages/cuda/tile/_compile.py", line 78, in _get_final_ir
    func_ir = infer_types_pass(func_ir, ir_args, pyfunc, tile_context)
              ^^^^^^^^^^^^^^^^^^^^^^^^^^^^^^^^^^^^^^^^^^^^^^^^^^^^^^^^
  File "/home/linux/taewony/env/lib/python3.12/site-packages/cuda/tile/_passes/typeinfer.py", line 368, in infer_types_pass
    return infer_types_in_func(context, func, args)
           ^^^^^^^^^^^^^^^^^^^^^^^^^^^^^^^^^^^^^^^^
  File "/home/linux/taewony/env/lib/python3.12/site-packages/cuda/tile/_passes/typeinfer.py", line 358, in infer_types_in_func
    infer_types_in_block(context, func.root_block)
  File "/home/linux/taewony/env/lib/python3.12/site-packages/cuda/tile/_passes/typeinfer.py", line 322, in infer_types_in_block
    i += infer_types_for_op(context, block, i)
         ^^^^^^^^^^^^^^^^^^^^^^^^^^^^^^^^^^^^^
  File "/home/linux/taewony/env/lib/python3.12/site-packages/cuda/tile/_passes/typeinfer.py", line 308, in infer_types_for_op
    infer_type(op, context)
  File "/home/linux/taewony/env/lib/python3.12/site-packages/cuda/tile/_passes/typeinfer.py", line 129, in infer_type
    res_types = op.infer_type(context)
                ^^^^^^^^^^^^^^^^^^^^^^
  File "/home/linux/taewony/env/lib/python3.12/site-packages/cuda/tile/_ir/ops.py", line 222, in infer_type
    infer_types_in_block(typing_context, nested_block)
  File "/home/linux/taewony/env/lib/python3.12/site-packages/cuda/tile/_passes/typeinfer.py", line 322, in infer_types_in_block
    i += infer_types_for_op(context, block, i)
         ^^^^^^^^^^^^^^^^^^^^^^^^^^^^^^^^^^^^^
  File "/home/linux/taewony/env/lib/python3.12/site-packages/cuda/tile/_passes/typeinfer.py", line 305, in infer_types_for_op
    _replace_call_or_const(block, i)
  File "/home/linux/taewony/env/lib/python3.12/site-packages/cuda/tile/_passes/typeinfer.py", line 247, in _replace_call_or_const
    arg_list = _bind_args(callee, args, op.kwarg_dict())
               ^^^^^^^^^^^^^^^^^^^^^^^^^^^^^^^^^^^^^^^^^
  File "/home/linux/taewony/env/lib/python3.12/site-packages/cuda/tile/_passes/typeinfer.py", line 204, in _bind_args
    raise TileTypeError(f"{sig_func.__name__}(): {e}")
cuda.tile._exception.TileTypeError: mma(): missing a required argument: 'acc'
  In file "/home/linux/taewony/SPAK/examples/KernelEngineer/FMHA/fmha_step2_naive_kernel.py", line 45, col 22--43:
                s_tile = ct.mma(q_tile, k_tile) # Q[M,D] @ K[D,N] -> [M,N]
                         ^^^^^^^^^^^^^^^^^^^^^^

(env) linux@localhost:~/taewony/SPAK/examples/KernelEngineer/FMHA$ python fmha_step3_fused_
python: can't open file '/home/linux/taewony/SPAK/examples/KernelEngineer/FMHA/fmha_step3_fused_': [Errno 2] No such file or directory
(env) linux@localhost:~/taewony/SPAK/examples/KernelEngineer/FMHA$ python fmha_step3_fused_kernel.py
=== FMHA Step 3: Fused Kernel (Implementation) ===
Launching Kernel (Grid: (1, 16, 1))...
------------------------------------------------------------
Config  | Time (ms) | TFLOPS | Speedup
128x128 | 0.012     | 5.53  | 1.00x
------------------------------------------------------------
Verifying...
✅ Verification: Success!
(env) linux@localhost:~/taewony/SPAK/examples/KernelEngineer/FMHA$ python fmha_step4_autotuner.py
=== FMHA Step 4: Auto-Tuned ===
⚠️  CUDA/cuTile not found. Running in PROJECTED mode for report generation.
------------------------------------------------------------
Config | Time (ms) | TFLOPS | Speedup
128x64 | 3.500     | 55.20  | 1.00x
64x64  | 3.100     | 62.50  | 1.13x
------------------------------------------------------------
Best Config: 64x64 (Occ=2)
Final Performance: 62.50 TFLOPS
✅ Verification: Success (Projected)
